[2024-12-14 20:48:42,765] 24 root - INFO - Data ingestion started
[2024-12-14 20:48:42,832] 28 root - INFO - I have read the dataset
[2024-12-14 20:48:43,047] 33 root - INFO - I performed train, test, split
[2024-12-14 20:48:43,047] 37 root - INFO - Train,Test,Split completed
[2024-12-14 20:48:43,265] 43 root - INFO - Data ingestion completed
[2024-12-14 20:48:43,332] 76 root - INFO - Reading train and test data completed
[2024-12-14 20:48:43,348] 77 root - INFO - Train Dataframe head : 
       ID  LIMIT_BAL  SEX  EDUCATION  MARRIAGE  AGE  PAY_0  PAY_2  PAY_3  PAY_4  PAY_5  PAY_6  BILL_AMT1  BILL_AMT2  BILL_AMT3  BILL_AMT4  BILL_AMT5  BILL_AMT6  PAY_AMT1  PAY_AMT2  PAY_AMT3  PAY_AMT4  PAY_AMT5  PAY_AMT6  default.payment.next.month
0  12208   190000.0    1          1         1   42     -1     -1     -1     -1     -1     -1     7776.0     3706.0     7517.0     2168.0     4918.0     5300.0    3706.0    7523.0    2168.0    5300.0    3000.0       0.0                           0
1  11453    50000.0    1          2         2   39      1      2      0      0      0      0    50468.0    48621.0    49987.0    19663.0    16769.0    16550.0       0.0    2600.0     650.0     752.0     596.0     578.0                           1
2  10405   210000.0    2          2         2   30      0      0      0      2      2      2    45998.0    47107.0    50999.0    51884.0    50926.0    54404.0    2150.0    5000.0    2020.0       0.0    4500.0    2000.0                           0
3  29998    30000.0    1          2         2   37      4      3      2     -1      0      0     3565.0     3356.0     2758.0    20878.0    20582.0    19357.0       0.0       0.0   22000.0    4200.0    2000.0    3100.0                           1
4   9754    80000.0    2          1         2   30      0      0      0      0      0      0    69533.0    71314.0    73027.0    74215.0    75865.0    77448.0    3500.0    3500.0    3000.0    3000.0    3000.0    3000.0                           0
[2024-12-14 20:48:43,348] 78 root - INFO - Test Dataframe head : 
       ID  LIMIT_BAL  SEX  EDUCATION  MARRIAGE  AGE  PAY_0  PAY_2  PAY_3  PAY_4  PAY_5  PAY_6  BILL_AMT1  BILL_AMT2  BILL_AMT3  BILL_AMT4  BILL_AMT5  BILL_AMT6  PAY_AMT1  PAY_AMT2  PAY_AMT3  PAY_AMT4  PAY_AMT5  PAY_AMT6  default.payment.next.month
0   7708    20000.0    1          2         1   37      0      0      0      0      2      0    17214.0     9633.0    10944.0    11280.0    11011.0     7755.0    2248.0    1500.0     757.0       0.0     430.0    1000.0                           0
1  17434   210000.0    2          2         2   45      1     -2     -2     -2     -2     -2        0.0        0.0        0.0        0.0        0.0        0.0       0.0       0.0       0.0       0.0       0.0       0.0                           0
2  15669   410000.0    1          1         2   27      0     -1     -1      0     -1     -1     7189.0    15646.0    15678.0    40512.0    17884.0    34251.0   16090.0   16076.0   40203.0   17974.0   34518.0     369.0                           0
3  21927   210000.0    2          1         2   29     -2     -2     -2     -2     -2     -2    10692.0       -3.0       -3.0       -3.0      650.0     1850.0       0.0       0.0       0.0     653.0    1859.0    1411.0                           0
4  28354   170000.0    2          1         2   39      0      0      0      0      0     -1    60514.0    33711.0    21660.0    23307.0    15135.0     3527.0    5011.0    5000.0    6538.0    4167.0    3527.0    7521.0                           0
[2024-12-14 20:48:43,348] 80 root - INFO - Getting preprocessor object
[2024-12-14 20:48:43,348] 31 root - INFO - Making data transformation object
[2024-12-14 20:48:43,348] 39 root - INFO - Initiating pipeline
[2024-12-14 20:48:43,348] 63 root - INFO - Pipeline completed
[2024-12-14 20:48:43,436] 97 root - INFO - Applying preprocessing object on training and testing datasets.
[2024-12-14 20:48:43,436] 104 root - INFO - Preprocessor joblib file saved
[2024-12-14 20:48:43,447] 31 root - INFO - Splitting independent and dependent features from train and test array
[2024-12-14 20:49:34,130] 70 root - INFO - Best model is Gradient Boosting with accuracy of 82.21666666666667
